<?xml version="1.0" encoding="UTF-8" ?>
<testsuite tests="18" failures="0" name="mothercareCI.MC_RunnerTest" time="1,250.522" errors="0" skipped="0">
  <properties>
[...]
</properties>
  <testcase classname="mothercareCI.MC_RunnerTest" name="mc_guest2CheckoutByCreditCardTest" time="93.303"/>
  <testcase classname="mothercareCI.MC_RunnerTest" name="mc_addingProductToWishlistFromPDPTest" time="98.146"/>
  <testcase classname="mothercareCI.MC_RunnerTest" name="mc_registeredUserCheckoutByPaypalTest" time="118.601"/>
  <testcase classname="mothercareCI.MC_RunnerTest" name="mc_registeredUserCheckoutBySavedCreditCardTest" time="81.876"/>
  <testcase classname="mothercareCI.MC_RunnerTest" name="mc_contactUsLinkOpeningInNewTabTest" time="28.2"/>
  <testcase classname="mothercareCI.MC_RunnerTest" name="mc_addingVariationProductToGiftlistTest" time="111.831"/>
  <testcase classname="mothercareCI.MC_RunnerTest" name="mc_addingProductToCartFromQuickViewTest" time="53.106"/>
  <testcase classname="mothercareCI.MC_RunnerTest" name="mc_clickingBackToTopButtonOnPLPTest" time="113.988"/>
  <testcase classname="mothercareCI.MC_RunnerTest" name="mc_removingJustAddedProductFromCartTest" time="62.485"/>
  <testcase classname="mothercareCI.MC_RunnerTest" name="mc_creatingAccountLogOutAndLoginAgainTest" time="62.046"/>
  <testcase classname="mothercareCI.MC_RunnerTest" name="mc_changeNumberOfProductsOnPLPTest" time="39.277"/>
  <testcase classname="mothercareCI.MC_RunnerTest" name="mc_guestCheckoutByPaypalTest" time="118.666"/>
  <testcase classname="mothercareCI.MC_RunnerTest" name="mc_requestingCatalogueTest" time="35.598"/>
  <testcase classname="mothercareCI.MC_RunnerTest" name="mc_guestCheckoutByCreditCardTest" time="93.627"/>
  <testcase classname="mothercareCI.MC_RunnerTest" name="mc_creatingNewAccountTest" time="34.128"/>
  <testcase classname="mothercareCI.MC_RunnerTest" name="mc_SignUpToEmailSubscriptionTest" time="30.983"/>
  <testcase classname="mothercareCI.MC_RunnerTest" name="mc_loginWithValidCredentialsTest" time="32.58"/>
  <testcase classname="mothercareCI.MC_RunnerTest" name="mc_joiningMyMothercareFlowTest" time="42.081"/>
</testsuite>